{"C:\\Users\\adria\\OneDrive\\Documentos\\TFG\\back\\src\\config\\database.js": {"path":"C:\\Users\\adria\\OneDrive\\Documentos\\TFG\\back\\src\\config\\database.js","statementMap":{"0":{"start":{"line":1,"column":22},"end":{"line":1,"column":42}},"1":{"start":{"line":2,"column":0},"end":{"line":2,"column":27}},"2":{"start":{"line":4,"column":18},"end":{"line":7,"column":2}},"3":{"start":{"line":9,"column":0},"end":{"line":9,"column":27}}},"fnMap":{},"branchMap":{},"s":{"0":3,"1":3,"2":3,"3":3},"f":{},"b":{},"_coverageSchema":"1a1c01bbd47fc00a2c39e90264f33305004495a9","hash":"484fd9f68079cc1cc6171d7f8bc6702243eb2ff3"}
,"C:\\Users\\adria\\OneDrive\\Documentos\\TFG\\back\\src\\controllers\\pedidoController.js": {"path":"C:\\Users\\adria\\OneDrive\\Documentos\\TFG\\back\\src\\controllers\\pedidoController.js","statementMap":{"0":{"start":{"line":1,"column":22},"end":{"line":1,"column":58}},"1":{"start":{"line":5,"column":4},"end":{"line":10,"column":5}},"2":{"start":{"line":6,"column":21},"end":{"line":6,"column":62}},"3":{"start":{"line":7,"column":6},"end":{"line":7,"column":79}},"4":{"start":{"line":9,"column":6},"end":{"line":9,"column":85}},"5":{"start":{"line":14,"column":4},"end":{"line":19,"column":5}},"6":{"start":{"line":15,"column":22},"end":{"line":15,"column":58}},"7":{"start":{"line":16,"column":6},"end":{"line":16,"column":36}},"8":{"start":{"line":18,"column":6},"end":{"line":18,"column":79}},"9":{"start":{"line":23,"column":4},"end":{"line":31,"column":5}},"10":{"start":{"line":24,"column":21},"end":{"line":24,"column":74}},"11":{"start":{"line":25,"column":6},"end":{"line":27,"column":7}},"12":{"start":{"line":26,"column":8},"end":{"line":26,"column":73}},"13":{"start":{"line":28,"column":6},"end":{"line":28,"column":35}},"14":{"start":{"line":30,"column":6},"end":{"line":30,"column":77}},"15":{"start":{"line":35,"column":4},"end":{"line":43,"column":5}},"16":{"start":{"line":36,"column":30},"end":{"line":36,"column":79}},"17":{"start":{"line":37,"column":6},"end":{"line":39,"column":7}},"18":{"start":{"line":38,"column":8},"end":{"line":38,"column":73}},"19":{"start":{"line":40,"column":6},"end":{"line":40,"column":74}},"20":{"start":{"line":42,"column":6},"end":{"line":42,"column":78}},"21":{"start":{"line":47,"column":0},"end":{"line":47,"column":40}}},"fnMap":{"0":{"name":"(anonymous_0)","decl":{"start":{"line":4,"column":2},"end":{"line":4,"column":3}},"loc":{"start":{"line":4,"column":30},"end":{"line":11,"column":3}},"line":4},"1":{"name":"(anonymous_1)","decl":{"start":{"line":13,"column":2},"end":{"line":13,"column":3}},"loc":{"start":{"line":13,"column":33},"end":{"line":20,"column":3}},"line":13},"2":{"name":"(anonymous_2)","decl":{"start":{"line":22,"column":2},"end":{"line":22,"column":3}},"loc":{"start":{"line":22,"column":37},"end":{"line":32,"column":3}},"line":22},"3":{"name":"(anonymous_3)","decl":{"start":{"line":34,"column":2},"end":{"line":34,"column":3}},"loc":{"start":{"line":34,"column":33},"end":{"line":44,"column":3}},"line":34}},"branchMap":{"0":{"loc":{"start":{"line":9,"column":38},"end":{"line":9,"column":81}},"type":"binary-expr","locations":[{"start":{"line":9,"column":38},"end":{"line":9,"column":51}},{"start":{"line":9,"column":55},"end":{"line":9,"column":81}}],"line":9},"1":{"loc":{"start":{"line":25,"column":6},"end":{"line":27,"column":7}},"type":"if","locations":[{"start":{"line":25,"column":6},"end":{"line":27,"column":7}},{"start":{},"end":{}}],"line":25},"2":{"loc":{"start":{"line":37,"column":6},"end":{"line":39,"column":7}},"type":"if","locations":[{"start":{"line":37,"column":6},"end":{"line":39,"column":7}},{"start":{},"end":{}}],"line":37}},"s":{"0":1,"1":2,"2":2,"3":1,"4":1,"5":2,"6":2,"7":1,"8":1,"9":3,"10":3,"11":2,"12":1,"13":1,"14":1,"15":3,"16":3,"17":2,"18":1,"19":1,"20":1,"21":1},"f":{"0":2,"1":2,"2":3,"3":3},"b":{"0":[1,0],"1":[1,1],"2":[1,1]},"_coverageSchema":"1a1c01bbd47fc00a2c39e90264f33305004495a9","hash":"cef6f6963649d76912ebe1e57cc386492237ee23"}
,"C:\\Users\\adria\\OneDrive\\Documentos\\TFG\\back\\src\\controllers\\productoController.js": {"path":"C:\\Users\\adria\\OneDrive\\Documentos\\TFG\\back\\src\\controllers\\productoController.js","statementMap":{"0":{"start":{"line":1,"column":24},"end":{"line":1,"column":62}},"1":{"start":{"line":3,"column":0},"end":{"line":28,"column":2}},"2":{"start":{"line":4,"column":4},"end":{"line":27,"column":5}},"3":{"start":{"line":5,"column":42},"end":{"line":5,"column":50}},"4":{"start":{"line":7,"column":8},"end":{"line":9,"column":9}},"5":{"start":{"line":8,"column":12},"end":{"line":8,"column":117}},"6":{"start":{"line":11,"column":8},"end":{"line":13,"column":9}},"7":{"start":{"line":12,"column":12},"end":{"line":12,"column":109}},"8":{"start":{"line":15,"column":8},"end":{"line":17,"column":9}},"9":{"start":{"line":16,"column":12},"end":{"line":16,"column":111}},"10":{"start":{"line":19,"column":25},"end":{"line":19,"column":70}},"11":{"start":{"line":20,"column":8},"end":{"line":20,"column":39}},"12":{"start":{"line":23,"column":8},"end":{"line":26,"column":11}},"13":{"start":{"line":30,"column":0},"end":{"line":37,"column":2}},"14":{"start":{"line":31,"column":4},"end":{"line":36,"column":5}},"15":{"start":{"line":32,"column":26},"end":{"line":32,"column":74}},"16":{"start":{"line":33,"column":8},"end":{"line":33,"column":40}},"17":{"start":{"line":35,"column":8},"end":{"line":35,"column":57}},"18":{"start":{"line":39,"column":0},"end":{"line":49,"column":2}},"19":{"start":{"line":40,"column":4},"end":{"line":48,"column":5}},"20":{"start":{"line":41,"column":25},"end":{"line":41,"column":82}},"21":{"start":{"line":42,"column":8},"end":{"line":44,"column":9}},"22":{"start":{"line":43,"column":12},"end":{"line":43,"column":79}},"23":{"start":{"line":45,"column":8},"end":{"line":45,"column":39}},"24":{"start":{"line":47,"column":8},"end":{"line":47,"column":57}},"25":{"start":{"line":51,"column":0},"end":{"line":58,"column":2}},"26":{"start":{"line":52,"column":4},"end":{"line":57,"column":5}},"27":{"start":{"line":53,"column":36},"end":{"line":53,"column":101}},"28":{"start":{"line":54,"column":8},"end":{"line":54,"column":50}},"29":{"start":{"line":56,"column":8},"end":{"line":56,"column":57}},"30":{"start":{"line":60,"column":0},"end":{"line":67,"column":2}},"31":{"start":{"line":61,"column":4},"end":{"line":66,"column":5}},"32":{"start":{"line":62,"column":8},"end":{"line":62,"column":62}},"33":{"start":{"line":63,"column":8},"end":{"line":63,"column":74}},"34":{"start":{"line":65,"column":8},"end":{"line":65,"column":57}}},"fnMap":{"0":{"name":"(anonymous_0)","decl":{"start":{"line":3,"column":16},"end":{"line":3,"column":17}},"loc":{"start":{"line":3,"column":36},"end":{"line":28,"column":1}},"line":3},"1":{"name":"(anonymous_1)","decl":{"start":{"line":30,"column":17},"end":{"line":30,"column":18}},"loc":{"start":{"line":30,"column":37},"end":{"line":37,"column":1}},"line":30},"2":{"name":"(anonymous_2)","decl":{"start":{"line":39,"column":23},"end":{"line":39,"column":24}},"loc":{"start":{"line":39,"column":43},"end":{"line":49,"column":1}},"line":39},"3":{"name":"(anonymous_3)","decl":{"start":{"line":51,"column":21},"end":{"line":51,"column":22}},"loc":{"start":{"line":51,"column":41},"end":{"line":58,"column":1}},"line":51},"4":{"name":"(anonymous_4)","decl":{"start":{"line":60,"column":19},"end":{"line":60,"column":20}},"loc":{"start":{"line":60,"column":39},"end":{"line":67,"column":1}},"line":60}},"branchMap":{"0":{"loc":{"start":{"line":7,"column":8},"end":{"line":9,"column":9}},"type":"if","locations":[{"start":{"line":7,"column":8},"end":{"line":9,"column":9}},{"start":{},"end":{}}],"line":7},"1":{"loc":{"start":{"line":7,"column":12},"end":{"line":7,"column":49}},"type":"binary-expr","locations":[{"start":{"line":7,"column":12},"end":{"line":7,"column":19}},{"start":{"line":7,"column":23},"end":{"line":7,"column":49}}],"line":7},"2":{"loc":{"start":{"line":11,"column":8},"end":{"line":13,"column":9}},"type":"if","locations":[{"start":{"line":11,"column":8},"end":{"line":13,"column":9}},{"start":{},"end":{}}],"line":11},"3":{"loc":{"start":{"line":11,"column":12},"end":{"line":11,"column":64}},"type":"binary-expr","locations":[{"start":{"line":11,"column":12},"end":{"line":11,"column":19}},{"start":{"line":11,"column":23},"end":{"line":11,"column":49}},{"start":{"line":11,"column":53},"end":{"line":11,"column":64}}],"line":11},"4":{"loc":{"start":{"line":15,"column":8},"end":{"line":17,"column":9}},"type":"if","locations":[{"start":{"line":15,"column":8},"end":{"line":17,"column":9}},{"start":{},"end":{}}],"line":15},"5":{"loc":{"start":{"line":15,"column":12},"end":{"line":15,"column":61}},"type":"binary-expr","locations":[{"start":{"line":15,"column":12},"end":{"line":15,"column":18}},{"start":{"line":15,"column":22},"end":{"line":15,"column":47}},{"start":{"line":15,"column":51},"end":{"line":15,"column":61}}],"line":15},"6":{"loc":{"start":{"line":42,"column":8},"end":{"line":44,"column":9}},"type":"if","locations":[{"start":{"line":42,"column":8},"end":{"line":44,"column":9}},{"start":{},"end":{}}],"line":42}},"s":{"0":1,"1":1,"2":5,"3":5,"4":5,"5":1,"6":4,"7":1,"8":3,"9":1,"10":2,"11":1,"12":1,"13":1,"14":2,"15":2,"16":1,"17":1,"18":1,"19":3,"20":3,"21":2,"22":1,"23":1,"24":1,"25":1,"26":2,"27":2,"28":1,"29":1,"30":1,"31":2,"32":2,"33":1,"34":1},"f":{"0":5,"1":2,"2":3,"3":2,"4":2},"b":{"0":[1,4],"1":[5,4],"2":[1,3],"3":[4,4,4],"4":[1,2],"5":[3,2,2],"6":[1,1]},"_coverageSchema":"1a1c01bbd47fc00a2c39e90264f33305004495a9","hash":"94e6b9681869542dbfafd1698a0a0c888999d8e4"}
,"C:\\Users\\adria\\OneDrive\\Documentos\\TFG\\back\\src\\models\\pedido.js": {"path":"C:\\Users\\adria\\OneDrive\\Documentos\\TFG\\back\\src\\models\\pedido.js","statementMap":{"0":{"start":{"line":1,"column":22},"end":{"line":1,"column":42}},"1":{"start":{"line":2,"column":18},"end":{"line":2,"column":47}},"2":{"start":{"line":3,"column":17},"end":{"line":3,"column":38}},"3":{"start":{"line":5,"column":15},"end":{"line":29,"column":2}},"4":{"start":{"line":32,"column":23},"end":{"line":51,"column":2}},"5":{"start":{"line":54,"column":0},"end":{"line":54,"column":84}},"6":{"start":{"line":55,"column":0},"end":{"line":55,"column":86}},"7":{"start":{"line":57,"column":0},"end":{"line":57,"column":44}}},"fnMap":{},"branchMap":{},"s":{"0":1,"1":1,"2":1,"3":1,"4":1,"5":1,"6":1,"7":1},"f":{},"b":{},"_coverageSchema":"1a1c01bbd47fc00a2c39e90264f33305004495a9","hash":"8e936872e50f3e182c4b0355842ad4065b267325"}
,"C:\\Users\\adria\\OneDrive\\Documentos\\TFG\\back\\src\\models\\producto.js": {"path":"C:\\Users\\adria\\OneDrive\\Documentos\\TFG\\back\\src\\models\\producto.js","statementMap":{"0":{"start":{"line":1,"column":22},"end":{"line":1,"column":42}},"1":{"start":{"line":2,"column":18},"end":{"line":2,"column":47}},"2":{"start":{"line":4,"column":17},"end":{"line":62,"column":2}},"3":{"start":{"line":64,"column":0},"end":{"line":64,"column":26}}},"fnMap":{},"branchMap":{},"s":{"0":3,"1":3,"2":3,"3":3},"f":{},"b":{},"_coverageSchema":"1a1c01bbd47fc00a2c39e90264f33305004495a9","hash":"3fab91676272cda1a83e302c9c012c6fc3635818"}
,"C:\\Users\\adria\\OneDrive\\Documentos\\TFG\\back\\src\\services\\pedidoService.js": {"path":"C:\\Users\\adria\\OneDrive\\Documentos\\TFG\\back\\src\\services\\pedidoService.js","statementMap":{"0":{"start":{"line":1,"column":35},"end":{"line":1,"column":62}},"1":{"start":{"line":2,"column":17},"end":{"line":2,"column":46}},"2":{"start":{"line":6,"column":37},"end":{"line":6,"column":48}},"3":{"start":{"line":8,"column":8},"end":{"line":62,"column":9}},"4":{"start":{"line":10,"column":40},"end":{"line":14,"column":14}},"5":{"start":{"line":12,"column":43},"end":{"line":12,"column":47}},"6":{"start":{"line":16,"column":12},"end":{"line":18,"column":13}},"7":{"start":{"line":17,"column":16},"end":{"line":17,"column":87}},"8":{"start":{"line":21,"column":12},"end":{"line":27,"column":13}},"9":{"start":{"line":22,"column":35},"end":{"line":22,"column":86}},"10":{"start":{"line":22,"column":65},"end":{"line":22,"column":85}},"11":{"start":{"line":24,"column":16},"end":{"line":26,"column":17}},"12":{"start":{"line":25,"column":20},"end":{"line":25,"column":182}},"13":{"start":{"line":30,"column":32},"end":{"line":33,"column":17}},"14":{"start":{"line":31,"column":33},"end":{"line":31,"column":83}},"15":{"start":{"line":31,"column":53},"end":{"line":31,"column":73}},"16":{"start":{"line":32,"column":16},"end":{"line":32,"column":60}},"17":{"start":{"line":36,"column":32},"end":{"line":39,"column":14}},"18":{"start":{"line":42,"column":12},"end":{"line":56,"column":14}},"19":{"start":{"line":44,"column":20},"end":{"line":48,"column":23}},"20":{"start":{"line":51,"column":39},"end":{"line":51,"column":90}},"21":{"start":{"line":51,"column":69},"end":{"line":51,"column":89}},"22":{"start":{"line":52,"column":20},"end":{"line":54,"column":23}},"23":{"start":{"line":59,"column":12},"end":{"line":59,"column":31}},"24":{"start":{"line":61,"column":12},"end":{"line":61,"column":74}},"25":{"start":{"line":67,"column":8},"end":{"line":78,"column":9}},"26":{"start":{"line":68,"column":12},"end":{"line":75,"column":15}},"27":{"start":{"line":77,"column":12},"end":{"line":77,"column":78}},"28":{"start":{"line":82,"column":8},"end":{"line":99,"column":9}},"29":{"start":{"line":83,"column":27},"end":{"line":90,"column":14}},"30":{"start":{"line":92,"column":12},"end":{"line":94,"column":13}},"31":{"start":{"line":93,"column":16},"end":{"line":93,"column":57}},"32":{"start":{"line":96,"column":12},"end":{"line":96,"column":26}},"33":{"start":{"line":98,"column":12},"end":{"line":98,"column":76}},"34":{"start":{"line":103,"column":8},"end":{"line":115,"column":9}},"35":{"start":{"line":104,"column":33},"end":{"line":106,"column":14}},"36":{"start":{"line":108,"column":12},"end":{"line":110,"column":13}},"37":{"start":{"line":109,"column":16},"end":{"line":109,"column":57}},"38":{"start":{"line":112,"column":12},"end":{"line":112,"column":62}},"39":{"start":{"line":114,"column":12},"end":{"line":114,"column":77}},"40":{"start":{"line":119,"column":0},"end":{"line":119,"column":37}}},"fnMap":{"0":{"name":"(anonymous_0)","decl":{"start":{"line":5,"column":4},"end":{"line":5,"column":5}},"loc":{"start":{"line":5,"column":35},"end":{"line":64,"column":5}},"line":5},"1":{"name":"(anonymous_1)","decl":{"start":{"line":12,"column":38},"end":{"line":12,"column":39}},"loc":{"start":{"line":12,"column":43},"end":{"line":12,"column":47}},"line":12},"2":{"name":"(anonymous_2)","decl":{"start":{"line":22,"column":60},"end":{"line":22,"column":61}},"loc":{"start":{"line":22,"column":65},"end":{"line":22,"column":85}},"line":22},"3":{"name":"(anonymous_3)","decl":{"start":{"line":30,"column":59},"end":{"line":30,"column":60}},"loc":{"start":{"line":30,"column":80},"end":{"line":33,"column":13}},"line":30},"4":{"name":"(anonymous_4)","decl":{"start":{"line":31,"column":48},"end":{"line":31,"column":49}},"loc":{"start":{"line":31,"column":53},"end":{"line":31,"column":73}},"line":31},"5":{"name":"(anonymous_5)","decl":{"start":{"line":43,"column":30},"end":{"line":43,"column":31}},"loc":{"start":{"line":43,"column":50},"end":{"line":55,"column":17}},"line":43},"6":{"name":"(anonymous_6)","decl":{"start":{"line":51,"column":64},"end":{"line":51,"column":65}},"loc":{"start":{"line":51,"column":69},"end":{"line":51,"column":89}},"line":51},"7":{"name":"(anonymous_7)","decl":{"start":{"line":66,"column":4},"end":{"line":66,"column":5}},"loc":{"start":{"line":66,"column":27},"end":{"line":79,"column":5}},"line":66},"8":{"name":"(anonymous_8)","decl":{"start":{"line":81,"column":4},"end":{"line":81,"column":5}},"loc":{"start":{"line":81,"column":33},"end":{"line":100,"column":5}},"line":81},"9":{"name":"(anonymous_9)","decl":{"start":{"line":102,"column":4},"end":{"line":102,"column":5}},"loc":{"start":{"line":102,"column":29},"end":{"line":116,"column":5}},"line":102}},"branchMap":{"0":{"loc":{"start":{"line":16,"column":12},"end":{"line":18,"column":13}},"type":"if","locations":[{"start":{"line":16,"column":12},"end":{"line":18,"column":13}},{"start":{},"end":{}}],"line":16},"1":{"loc":{"start":{"line":24,"column":16},"end":{"line":26,"column":17}},"type":"if","locations":[{"start":{"line":24,"column":16},"end":{"line":26,"column":17}},{"start":{},"end":{}}],"line":24},"2":{"loc":{"start":{"line":92,"column":12},"end":{"line":94,"column":13}},"type":"if","locations":[{"start":{"line":92,"column":12},"end":{"line":94,"column":13}},{"start":{},"end":{}}],"line":92},"3":{"loc":{"start":{"line":108,"column":12},"end":{"line":110,"column":13}},"type":"if","locations":[{"start":{"line":108,"column":12},"end":{"line":110,"column":13}},{"start":{},"end":{}}],"line":108}},"s":{"0":2,"1":2,"2":4,"3":4,"4":4,"5":8,"6":4,"7":1,"8":3,"9":5,"10":7,"11":5,"12":1,"13":2,"14":4,"15":6,"16":4,"17":2,"18":1,"19":2,"20":2,"21":3,"22":2,"23":1,"24":3,"25":2,"26":2,"27":1,"28":3,"29":3,"30":2,"31":1,"32":1,"33":2,"34":3,"35":3,"36":2,"37":1,"38":1,"39":2,"40":2},"f":{"0":4,"1":8,"2":7,"3":4,"4":6,"5":2,"6":3,"7":2,"8":3,"9":3},"b":{"0":[1,3],"1":[1,4],"2":[1,1],"3":[1,1]},"_coverageSchema":"1a1c01bbd47fc00a2c39e90264f33305004495a9","hash":"9ed1583620d6b53a7d0253861de129b09a33c010"}
,"C:\\Users\\adria\\OneDrive\\Documentos\\TFG\\back\\src\\services\\productoService.js": {"path":"C:\\Users\\adria\\OneDrive\\Documentos\\TFG\\back\\src\\services\\productoService.js","statementMap":{"0":{"start":{"line":1,"column":17},"end":{"line":1,"column":46}},"1":{"start":{"line":5,"column":8},"end":{"line":7,"column":9}},"2":{"start":{"line":6,"column":12},"end":{"line":6,"column":92}},"3":{"start":{"line":9,"column":8},"end":{"line":11,"column":9}},"4":{"start":{"line":10,"column":12},"end":{"line":10,"column":84}},"5":{"start":{"line":13,"column":8},"end":{"line":15,"column":9}},"6":{"start":{"line":14,"column":12},"end":{"line":14,"column":86}},"7":{"start":{"line":17,"column":8},"end":{"line":22,"column":9}},"8":{"start":{"line":18,"column":29},"end":{"line":18,"column":65}},"9":{"start":{"line":19,"column":12},"end":{"line":19,"column":28}},"10":{"start":{"line":21,"column":12},"end":{"line":21,"column":76}},"11":{"start":{"line":27,"column":8},"end":{"line":32,"column":9}},"12":{"start":{"line":28,"column":30},"end":{"line":28,"column":54}},"13":{"start":{"line":29,"column":12},"end":{"line":29,"column":29}},"14":{"start":{"line":31,"column":12},"end":{"line":31,"column":80}},"15":{"start":{"line":36,"column":8},"end":{"line":44,"column":9}},"16":{"start":{"line":37,"column":29},"end":{"line":37,"column":56}},"17":{"start":{"line":38,"column":12},"end":{"line":40,"column":13}},"18":{"start":{"line":39,"column":16},"end":{"line":39,"column":58}},"19":{"start":{"line":41,"column":12},"end":{"line":41,"column":28}},"20":{"start":{"line":43,"column":12},"end":{"line":43,"column":78}},"21":{"start":{"line":48,"column":8},"end":{"line":63,"column":9}},"22":{"start":{"line":49,"column":29},"end":{"line":49,"column":56}},"23":{"start":{"line":50,"column":12},"end":{"line":52,"column":13}},"24":{"start":{"line":51,"column":16},"end":{"line":51,"column":58}},"25":{"start":{"line":53,"column":12},"end":{"line":53,"column":55}},"26":{"start":{"line":54,"column":12},"end":{"line":60,"column":14}},"27":{"start":{"line":62,"column":12},"end":{"line":62,"column":81}},"28":{"start":{"line":67,"column":8},"end":{"line":76,"column":9}},"29":{"start":{"line":68,"column":29},"end":{"line":68,"column":56}},"30":{"start":{"line":69,"column":12},"end":{"line":71,"column":13}},"31":{"start":{"line":70,"column":16},"end":{"line":70,"column":58}},"32":{"start":{"line":72,"column":12},"end":{"line":72,"column":37}},"33":{"start":{"line":73,"column":12},"end":{"line":73,"column":63}},"34":{"start":{"line":75,"column":12},"end":{"line":75,"column":79}},"35":{"start":{"line":80,"column":0},"end":{"line":80,"column":39}}},"fnMap":{"0":{"name":"(anonymous_0)","decl":{"start":{"line":4,"column":4},"end":{"line":4,"column":5}},"loc":{"start":{"line":4,"column":39},"end":{"line":23,"column":5}},"line":4},"1":{"name":"(anonymous_1)","decl":{"start":{"line":26,"column":4},"end":{"line":26,"column":5}},"loc":{"start":{"line":26,"column":37},"end":{"line":33,"column":5}},"line":26},"2":{"name":"(anonymous_2)","decl":{"start":{"line":35,"column":4},"end":{"line":35,"column":5}},"loc":{"start":{"line":35,"column":35},"end":{"line":45,"column":5}},"line":35},"3":{"name":"(anonymous_3)","decl":{"start":{"line":47,"column":4},"end":{"line":47,"column":5}},"loc":{"start":{"line":47,"column":54},"end":{"line":64,"column":5}},"line":47},"4":{"name":"(anonymous_4)","decl":{"start":{"line":66,"column":4},"end":{"line":66,"column":5}},"loc":{"start":{"line":66,"column":31},"end":{"line":77,"column":5}},"line":66}},"branchMap":{"0":{"loc":{"start":{"line":5,"column":8},"end":{"line":7,"column":9}},"type":"if","locations":[{"start":{"line":5,"column":8},"end":{"line":7,"column":9}},{"start":{},"end":{}}],"line":5},"1":{"loc":{"start":{"line":5,"column":12},"end":{"line":5,"column":77}},"type":"binary-expr","locations":[{"start":{"line":5,"column":12},"end":{"line":5,"column":33}},{"start":{"line":5,"column":37},"end":{"line":5,"column":77}}],"line":5},"2":{"loc":{"start":{"line":9,"column":8},"end":{"line":11,"column":9}},"type":"if","locations":[{"start":{"line":9,"column":8},"end":{"line":11,"column":9}},{"start":{},"end":{}}],"line":9},"3":{"loc":{"start":{"line":9,"column":12},"end":{"line":9,"column":81}},"type":"binary-expr","locations":[{"start":{"line":9,"column":12},"end":{"line":9,"column":52}},{"start":{"line":9,"column":56},"end":{"line":9,"column":81}}],"line":9},"4":{"loc":{"start":{"line":13,"column":8},"end":{"line":15,"column":9}},"type":"if","locations":[{"start":{"line":13,"column":8},"end":{"line":15,"column":9}},{"start":{},"end":{}}],"line":13},"5":{"loc":{"start":{"line":13,"column":12},"end":{"line":13,"column":78}},"type":"binary-expr","locations":[{"start":{"line":13,"column":12},"end":{"line":13,"column":51}},{"start":{"line":13,"column":55},"end":{"line":13,"column":78}}],"line":13},"6":{"loc":{"start":{"line":38,"column":12},"end":{"line":40,"column":13}},"type":"if","locations":[{"start":{"line":38,"column":12},"end":{"line":40,"column":13}},{"start":{},"end":{}}],"line":38},"7":{"loc":{"start":{"line":50,"column":12},"end":{"line":52,"column":13}},"type":"if","locations":[{"start":{"line":50,"column":12},"end":{"line":52,"column":13}},{"start":{},"end":{}}],"line":50},"8":{"loc":{"start":{"line":69,"column":12},"end":{"line":71,"column":13}},"type":"if","locations":[{"start":{"line":69,"column":12},"end":{"line":71,"column":13}},{"start":{},"end":{}}],"line":69}},"s":{"0":1,"1":5,"2":1,"3":4,"4":1,"5":3,"6":1,"7":2,"8":2,"9":1,"10":1,"11":2,"12":2,"13":1,"14":1,"15":3,"16":3,"17":2,"18":1,"19":1,"20":2,"21":3,"22":3,"23":3,"24":1,"25":2,"26":1,"27":2,"28":3,"29":3,"30":3,"31":1,"32":2,"33":1,"34":2,"35":1},"f":{"0":5,"1":2,"2":3,"3":3,"4":3},"b":{"0":[1,4],"1":[5,4],"2":[1,3],"3":[4,4],"4":[1,2],"5":[3,3],"6":[1,1],"7":[1,2],"8":[1,2]},"_coverageSchema":"1a1c01bbd47fc00a2c39e90264f33305004495a9","hash":"f8eb9e0ad87154a2685cb5353ee0c044be33205d"}
}
