TN:
SF:src\config\database.js
FNF:0
FNH:0
DA:1,3
DA:2,3
DA:4,3
DA:9,3
LF:4
LH:4
BRF:0
BRH:0
end_of_record
TN:
SF:src\controllers\pedidoController.js
FN:4,(anonymous_0)
FN:13,(anonymous_1)
FN:22,(anonymous_2)
FN:34,(anonymous_3)
FNF:4
FNH:4
FNDA:2,(anonymous_0)
FNDA:2,(anonymous_1)
FNDA:3,(anonymous_2)
FNDA:3,(anonymous_3)
DA:1,1
DA:5,2
DA:6,2
DA:7,1
DA:9,1
DA:14,2
DA:15,2
DA:16,1
DA:18,1
DA:23,3
DA:24,3
DA:25,2
DA:26,1
DA:28,1
DA:30,1
DA:35,3
DA:36,3
DA:37,2
DA:38,1
DA:40,1
DA:42,1
DA:47,1
LF:22
LH:22
BRDA:9,0,0,1
BRDA:9,0,1,0
BRDA:25,1,0,1
BRDA:25,1,1,1
BRDA:37,2,0,1
BRDA:37,2,1,1
BRF:6
BRH:5
end_of_record
TN:
SF:src\controllers\productoController.js
FN:3,(anonymous_0)
FN:30,(anonymous_1)
FN:39,(anonymous_2)
FN:51,(anonymous_3)
FN:60,(anonymous_4)
FNF:5
FNH:5
FNDA:5,(anonymous_0)
FNDA:2,(anonymous_1)
FNDA:3,(anonymous_2)
FNDA:2,(anonymous_3)
FNDA:2,(anonymous_4)
DA:1,1
DA:3,1
DA:4,5
DA:5,5
DA:7,5
DA:8,1
DA:11,4
DA:12,1
DA:15,3
DA:16,1
DA:19,2
DA:20,1
DA:23,1
DA:30,1
DA:31,2
DA:32,2
DA:33,1
DA:35,1
DA:39,1
DA:40,3
DA:41,3
DA:42,2
DA:43,1
DA:45,1
DA:47,1
DA:51,1
DA:52,2
DA:53,2
DA:54,1
DA:56,1
DA:60,1
DA:61,2
DA:62,2
DA:63,1
DA:65,1
LF:35
LH:35
BRDA:7,0,0,1
BRDA:7,0,1,4
BRDA:7,1,0,5
BRDA:7,1,1,4
BRDA:11,2,0,1
BRDA:11,2,1,3
BRDA:11,3,0,4
BRDA:11,3,1,4
BRDA:11,3,2,4
BRDA:15,4,0,1
BRDA:15,4,1,2
BRDA:15,5,0,3
BRDA:15,5,1,2
BRDA:15,5,2,2
BRDA:42,6,0,1
BRDA:42,6,1,1
BRF:16
BRH:16
end_of_record
TN:
SF:src\models\pedido.js
FNF:0
FNH:0
DA:1,1
DA:2,1
DA:3,1
DA:5,1
DA:32,1
DA:54,1
DA:55,1
DA:57,1
LF:8
LH:8
BRF:0
BRH:0
end_of_record
TN:
SF:src\models\producto.js
FNF:0
FNH:0
DA:1,3
DA:2,3
DA:4,3
DA:64,3
LF:4
LH:4
BRF:0
BRH:0
end_of_record
TN:
SF:src\services\pedidoService.js
FN:5,(anonymous_0)
FN:12,(anonymous_1)
FN:22,(anonymous_2)
FN:30,(anonymous_3)
FN:31,(anonymous_4)
FN:43,(anonymous_5)
FN:51,(anonymous_6)
FN:66,(anonymous_7)
FN:81,(anonymous_8)
FN:102,(anonymous_9)
FNF:10
FNH:10
FNDA:4,(anonymous_0)
FNDA:8,(anonymous_1)
FNDA:7,(anonymous_2)
FNDA:4,(anonymous_3)
FNDA:6,(anonymous_4)
FNDA:2,(anonymous_5)
FNDA:3,(anonymous_6)
FNDA:2,(anonymous_7)
FNDA:3,(anonymous_8)
FNDA:3,(anonymous_9)
DA:1,2
DA:2,2
DA:6,4
DA:8,4
DA:10,4
DA:12,8
DA:16,4
DA:17,1
DA:21,3
DA:22,7
DA:24,5
DA:25,1
DA:30,2
DA:31,6
DA:32,4
DA:36,2
DA:42,1
DA:44,2
DA:51,3
DA:52,2
DA:59,1
DA:61,3
DA:67,2
DA:68,2
DA:77,1
DA:82,3
DA:83,3
DA:92,2
DA:93,1
DA:96,1
DA:98,2
DA:103,3
DA:104,3
DA:108,2
DA:109,1
DA:112,1
DA:114,2
DA:119,2
LF:38
LH:38
BRDA:16,0,0,1
BRDA:16,0,1,3
BRDA:24,1,0,1
BRDA:24,1,1,4
BRDA:92,2,0,1
BRDA:92,2,1,1
BRDA:108,3,0,1
BRDA:108,3,1,1
BRF:8
BRH:8
end_of_record
TN:
SF:src\services\productoService.js
FN:4,(anonymous_0)
FN:26,(anonymous_1)
FN:35,(anonymous_2)
FN:47,(anonymous_3)
FN:66,(anonymous_4)
FNF:5
FNH:5
FNDA:5,(anonymous_0)
FNDA:2,(anonymous_1)
FNDA:3,(anonymous_2)
FNDA:3,(anonymous_3)
FNDA:3,(anonymous_4)
DA:1,1
DA:5,5
DA:6,1
DA:9,4
DA:10,1
DA:13,3
DA:14,1
DA:17,2
DA:18,2
DA:19,1
DA:21,1
DA:27,2
DA:28,2
DA:29,1
DA:31,1
DA:36,3
DA:37,3
DA:38,2
DA:39,1
DA:41,1
DA:43,2
DA:48,3
DA:49,3
DA:50,3
DA:51,1
DA:53,2
DA:54,1
DA:62,2
DA:67,3
DA:68,3
DA:69,3
DA:70,1
DA:72,2
DA:73,1
DA:75,2
DA:80,1
LF:36
LH:36
BRDA:5,0,0,1
BRDA:5,0,1,4
BRDA:5,1,0,5
BRDA:5,1,1,4
BRDA:9,2,0,1
BRDA:9,2,1,3
BRDA:9,3,0,4
BRDA:9,3,1,4
BRDA:13,4,0,1
BRDA:13,4,1,2
BRDA:13,5,0,3
BRDA:13,5,1,3
BRDA:38,6,0,1
BRDA:38,6,1,1
BRDA:50,7,0,1
BRDA:50,7,1,2
BRDA:69,8,0,1
BRDA:69,8,1,2
BRF:18
BRH:18
end_of_record
